La génération a démarré 02/07/2014 17:13:28.
     1>Projet "C:\Cours\Workspaces\C++\Accordeur\Accordage Guitare.vcxproj" sur le nœud 2 (build cible(s)).
     1>InitializeBuildStatus:
         Création de ".\Debug\Accordage Guitare.unsuccessfulbuild", car "AlwaysCreate" a été spécifié.
       ClCompile:
         Toutes les sorties sont à jour.
         Toutes les sorties sont à jour.
       ResourceCompile:
         Toutes les sorties sont à jour.
       Link:
         Toutes les sorties sont à jour.
         Accordage Guitare.vcxproj -> C:\Cours\Workspaces\C++\Accordeur\.\Debug\Accordage Guitare.exe
       BscMake:
         Toutes les sorties sont à jour.
       FinalizeBuildStatus:
         Suppression du fichier ".\Debug\Accordage Guitare.unsuccessfulbuild".
         Mise à jour de l'horodatage ".\Debug\Accordage Guitare.lastbuildstate".
     1>Génération du projet "C:\Cours\Workspaces\C++\Accordeur\Accordage Guitare.vcxproj" terminée (build cible(s)).

La génération a réussi.

Temps écoulé 00:00:00.30
