.\Debug\Accordage Guitare.bsc
.\Debug\Accordage Guitare.pdb
C:\Cours\Workspaces\C++\Accordeur\.\Debug\Accordage Guitare.exe
C:\COURS\WORKSPACES\C++\ACCORDEUR\DEBUG\ACCORD.OBJ
C:\COURS\WORKSPACES\C++\ACCORDEUR\DEBUG\ACCORD.SBR
C:\COURS\WORKSPACES\C++\ACCORDEUR\DEBUG\ACCORDAGE GUITARE.BSC
C:\COURS\WORKSPACES\C++\ACCORDEUR\DEBUG\ACCORDAGE GUITARE.OBJ
C:\COURS\WORKSPACES\C++\ACCORDEUR\DEBUG\ACCORDAGE GUITARE.PCH
C:\Cours\Workspaces\C++\Accordeur\Debug\Accordage Guitare.pdb
C:\COURS\WORKSPACES\C++\ACCORDEUR\DEBUG\ACCORDAGE GUITARE.RES
C:\COURS\WORKSPACES\C++\ACCORDEUR\DEBUG\ACCORDAGE GUITARE.SBR
C:\Cours\Workspaces\C++\Accordeur\Debug\Accordage Guitare.vcxprojResolveAssemblyReference.cache
C:\Cours\Workspaces\C++\Accordeur\Debug\Accordage Guitare.write.1.tlog
C:\COURS\WORKSPACES\C++\ACCORDEUR\DEBUG\ACCORDAGE GUITAREDLG.OBJ
C:\COURS\WORKSPACES\C++\ACCORDEUR\DEBUG\ACCORDAGE GUITAREDLG.SBR
C:\Cours\Workspaces\C++\Accordeur\Debug\BscMake.command.1.tlog
C:\Cours\Workspaces\C++\Accordeur\Debug\bscmake.read.1.tlog
C:\Cours\Workspaces\C++\Accordeur\Debug\bscmake.write.1.tlog
C:\Cours\Workspaces\C++\Accordeur\Debug\cl.command.1.tlog
C:\Cours\Workspaces\C++\Accordeur\Debug\CL.read.1.tlog
C:\Cours\Workspaces\C++\Accordeur\Debug\CL.write.1.tlog
C:\COURS\WORKSPACES\C++\ACCORDEUR\DEBUG\DLGDIAGRAMME.OBJ
C:\COURS\WORKSPACES\C++\ACCORDEUR\DEBUG\DLGDIAGRAMME.SBR
C:\COURS\WORKSPACES\C++\ACCORDEUR\DEBUG\FFT.OBJ
C:\COURS\WORKSPACES\C++\ACCORDEUR\DEBUG\FFT.SBR
C:\Cours\Workspaces\C++\Accordeur\Debug\link.command.1.tlog
C:\Cours\Workspaces\C++\Accordeur\Debug\link.read.1.tlog
C:\Cours\Workspaces\C++\Accordeur\Debug\link.write.1.tlog
C:\Cours\Workspaces\C++\Accordeur\Debug\link-cvtres.read.1.tlog
C:\Cours\Workspaces\C++\Accordeur\Debug\link-cvtres.write.1.tlog
C:\Cours\Workspaces\C++\Accordeur\Debug\rc.command.1.tlog
C:\Cours\Workspaces\C++\Accordeur\Debug\rc.read.1.tlog
C:\Cours\Workspaces\C++\Accordeur\Debug\rc.write.1.tlog
C:\COURS\WORKSPACES\C++\ACCORDEUR\DEBUG\STDAFX.OBJ
C:\COURS\WORKSPACES\C++\ACCORDEUR\DEBUG\STDAFX.SBR
C:\Cours\Workspaces\C++\Accordeur\Debug\vc100.idb
C:\COURS\WORKSPACES\C++\ACCORDEUR\DEBUG\VC100.PDB
